<?xml version="1.0" encoding="UTF-8"?>
<!-- Generated by org.testng.reporters.JUnitXMLReporter -->
<testsuite ignored="0" hostname="Laptop-OBS-264" failures="2" tests="2" name="Test" time="105.432" errors="0" timestamp="08 Nov 2023 12:51:59 GMT">
  <testcase classname="tests.TestScenario1" name="TestCase1" time="41.905">
    <failure type="java.lang.AssertionError" message="Unable to Create Company Unable to click: By.xpath: //button[contains(.,&amp;apos;New Company&amp;apos;)]">
      <![CDATA[java.lang.AssertionError: Unable to Create Company Unable to click: By.xpath: //button[contains(.,'New Company')]
at pages.SettingsPage.createCompanies(SettingsPage.java:67)
at tests.TestScenario1.TestCase1(TestScenario1.java:19)
... Removed 24 stack frames]]>
    </failure>
  </testcase> <!-- TestCase1 -->
  <testcase classname="tests.TestScenario1" name="TestCase3" time="33.515">
    <failure type="java.lang.AssertionError" message="Unable to click: By.xpath: //span[text()=&amp;apos;Choose Location&amp;apos;]">
      <![CDATA[java.lang.AssertionError: Unable to click: By.xpath: //span[text()='Choose Location']
at pages.DeliveryBookingPage.deliveryBooking(DeliveryBookingPage.java:67)
at tests.TestScenario1.TestCase3(TestScenario1.java:34)
... Removed 24 stack frames]]>
    </failure>
  </testcase> <!-- TestCase3 -->
</testsuite> <!-- Test -->
