<?xml version="1.0" encoding="UTF-8"?>
<!-- Generated by org.testng.reporters.JUnitXMLReporter -->
<testsuite ignored="2" hostname="Laptop-OBS-264" failures="0" tests="1" name="Default test" time="116.275" errors="0" timestamp="21 Nov 2023 10:32:25 GMT">
  <testcase classname="tests.TestScenario2" name="TestCase4" time="85.79"/>
  <testcase classname="tests.TestScenario2" name="TestCase5" time="0.0">
    <ignored/>
  </testcase> <!-- TestCase5 -->
  <testcase classname="tests.TestScenario2" name="TestCase6" time="0.0">
    <ignored/>
  </testcase> <!-- TestCase6 -->
</testsuite> <!-- Default test -->
