<?xml version="1.0" encoding="UTF-8"?>
<!-- Generated by org.testng.reporters.JUnitXMLReporter -->
<testsuite ignored="0" hostname="Laptop-OBS-264" failures="1" tests="2" name="TestRunner1" time="188.832" errors="0" timestamp="10 Nov 2023 07:17:39 GMT">
  <testcase classname="tests.TestScenario1" name="TestCase1" time="122.323"/>
  <testcase classname="tests.TestScenario1" name="TestCase2" time="33.758">
    <failure type="java.lang.AssertionError" message="Unable to click: By.xpath: //span[text()=&amp;apos;Choose Location&amp;apos;]">
      <![CDATA[java.lang.AssertionError: Unable to click: By.xpath: //span[text()='Choose Location']
at pages.DeliveryBookingPage.deliveryBooking(DeliveryBookingPage.java:67)
at tests.TestScenario1.TestCase2(TestScenario1.java:34)
at java.base/java.util.concurrent.FutureTask.run(FutureTask.java:317)
at java.base/java.util.concurrent.ThreadPoolExecutor.runWorker(ThreadPoolExecutor.java:1144)
at java.base/java.util.concurrent.ThreadPoolExecutor$Worker.run(ThreadPoolExecutor.java:642)
at java.base/java.lang.Thread.run(Thread.java:1623)
... Removed 15 stack frames]]>
    </failure>
  </testcase> <!-- TestCase2 -->
</testsuite> <!-- TestRunner1 -->
