<?xml version="1.0" encoding="UTF-8"?>
<!-- Generated by org.testng.reporters.JUnitXMLReporter -->
<testsuite ignored="1" hostname="Laptop-OBS-264" failures="2" tests="5" name="TestRunner" time="122.499" errors="0" timestamp="14 Aug 2023 04:12:26 GMT">
  <testcase classname="tests.TestScenario2" name="TestCase4" time="14.1">
    <failure type="java.lang.AssertionError" message="Unable to Login. Unable locate employee">
      <![CDATA[java.lang.AssertionError: Unable to Login. Unable locate employee
at pages.LoginPage.checkData(LoginPage.java:56)
at tests.TestScenario2.TestCase4(TestScenario2.java:14)
at java.base/java.util.concurrent.FutureTask.run(FutureTask.java:317)
at java.base/java.util.concurrent.ThreadPoolExecutor.runWorker(ThreadPoolExecutor.java:1144)
at java.base/java.util.concurrent.ThreadPoolExecutor$Worker.run(ThreadPoolExecutor.java:642)
at java.base/java.lang.Thread.run(Thread.java:1623)
... Removed 15 stack frames]]>
    </failure>
  </testcase> <!-- TestCase4 -->
  <testcase classname="tests.TestScenario2" name="TestCase5" time="1.163"/>
  <testcase classname="tests.TestScenario2" name="TestCase6" time="0.967"/>
  <testcase classname="tests.TestScenario1" name="TestCase1" time="51.217">
    <failure type="java.lang.AssertionError" message="Unable to Create Company Unable to Enter Data in: By.xpath: (//input[@type=&amp;apos;text&amp;apos;])[2]">
      <![CDATA[java.lang.AssertionError: Unable to Create Company Unable to Enter Data in: By.xpath: (//input[@type='text'])[2]
at pages.SettingsPage.createCompanies(SettingsPage.java:67)
at tests.TestScenario1.TestCase1(TestScenario1.java:19)
at java.base/java.util.concurrent.FutureTask.run(FutureTask.java:317)
at java.base/java.util.concurrent.ThreadPoolExecutor.runWorker(ThreadPoolExecutor.java:1144)
at java.base/java.util.concurrent.ThreadPoolExecutor$Worker.run(ThreadPoolExecutor.java:642)
at java.base/java.lang.Thread.run(Thread.java:1623)
... Removed 15 stack frames]]>
    </failure>
  </testcase> <!-- TestCase1 -->
  <testcase classname="tests.TestScenario1" name="TestCase3" time="0.972"/>
  <testcase classname="master.MasterWrapper" name="@BeforeSuite suiteSetup" time="0.0">
    <ignored/>
  </testcase> <!-- @BeforeSuite suiteSetup -->
</testsuite> <!-- TestRunner -->
