<?xml version="1.0" encoding="UTF-8"?>
<!-- Generated by org.testng.reporters.JUnitXMLReporter -->
<testsuite ignored="1" hostname="Laptop-OBS-264" failures="0" tests="4" name="TestRunner1" time="468.584" errors="0" timestamp="28 Nov 2023 11:14:51 GMT">
  <testcase classname="tests.TestScenario1" name="TestCase1" time="138.743"/>
  <testcase classname="tests.TestScenario1" name="TestCase2" time="70.38"/>
  <testcase classname="tests.TestScenario2" name="TestCase3" time="87.252"/>
  <testcase classname="tests.TestScenario2" name="TestCase4" time="88.441"/>
  <testcase classname="master.MasterWrapper" name="@BeforeSuite suiteSetup" time="0.0">
    <ignored/>
  </testcase> <!-- @BeforeSuite suiteSetup -->
</testsuite> <!-- TestRunner1 -->
