<?xml version="1.0" encoding="UTF-8"?>
<!-- Generated by org.testng.reporters.JUnitXMLReporter -->
<testsuite ignored="0" hostname="Laptop-OBS-264" failures="1" tests="3" name="TestRunner2" time="60.443" errors="0" timestamp="14 Aug 2023 11:56:56 GMT">
  <testcase classname="tests.TestScenario2" name="TestCase4" time="13.506">
    <failure type="java.lang.AssertionError" message="Unable to Login. Unable locate employee">
      <![CDATA[java.lang.AssertionError: Unable to Login. Unable locate employee
at pages.LoginPage.checkData(LoginPage.java:56)
at tests.TestScenario2.TestCase4(TestScenario2.java:14)
at java.base/java.util.concurrent.FutureTask.run(FutureTask.java:317)
at java.base/java.util.concurrent.ThreadPoolExecutor.runWorker(ThreadPoolExecutor.java:1144)
at java.base/java.util.concurrent.ThreadPoolExecutor$Worker.run(ThreadPoolExecutor.java:642)
at java.base/java.lang.Thread.run(Thread.java:1623)
... Removed 15 stack frames]]>
    </failure>
  </testcase> <!-- TestCase4 -->
  <testcase classname="tests.TestScenario2" name="TestCase5" time="0.751"/>
  <testcase classname="tests.TestScenario2" name="TestCase6" time="0.834"/>
</testsuite> <!-- TestRunner2 -->
